[06-07-2025 05:55:18 PM] INFO: 🚀 Extension activated
[06-07-2025 05:56:09 PM] INFO: ✅ Received from Webview:
→ Meta: {
  "type": "sendJiraUrl",
  "payload": {
    "jiraUrl": "https://yorkhackathonteam15.atlassian.net/browse/WEAT-1"
  }
}
[06-07-2025 05:56:35 PM] INFO: 🛑 Extension deactivated
[06-07-2025 05:56:47 PM] INFO: 🚀 Extension activated
[06-07-2025 05:56:51 PM] INFO: ✅ Received from Webview:
→ Meta: {
  "type": "sendJiraUrl",
  "payload": {
    "jiraUrl": "https://yorkhackathonteam15.atlassian.net/browse/WEAT-1"
  }
}
[06-07-2025 05:57:10 PM] INFO: 🛑 Extension deactivated
[06-07-2025 05:57:25 PM] INFO: 🚀 Extension activated
[06-07-2025 05:59:08 PM] INFO: 🛑 Extension deactivated
[06-07-2025 05:59:22 PM] INFO: 🚀 Extension activated
[06-07-2025 05:59:29 PM] INFO: ✅ Received from Webview:
→ Meta: {
  "type": "sendJiraUrl",
  "payload": {
    "jiraUrl": "https://yorkhackathonteam15.atlassian.net/browse/WEAT-1"
  }
}
[06-07-2025 06:03:15 PM] INFO: 🛑 Extension deactivated
[06-07-2025 06:03:24 PM] INFO: 🚀 Extension activated
[06-07-2025 06:03:46 PM] INFO: ✅ Received from Webview:
→ Meta: {
  "type": "sendJiraUrl",
  "payload": {
    "jiraUrl": "https://yorkhackathonteam15.atlassian.net/browse/WEAT-1"
  }
}
[06-07-2025 06:09:15 PM] INFO: 🛑 Extension deactivated
[06-07-2025 06:09:24 PM] INFO: 🚀 Extension activated
[06-07-2025 06:09:45 PM] INFO: ✅ Received from Webview:
→ Meta: {
  "type": "sendJiraUrl",
  "payload": {
    "jiraUrl": "https://yorkhackathonteam15.atlassian.net/browse/WEAT-1"
  }
}
[06-07-2025 06:13:09 PM] INFO: 🛑 Extension deactivated
[06-07-2025 06:13:23 PM] INFO: 🚀 Extension activated
[06-07-2025 06:13:43 PM] INFO: ✅ Received from Webview:
→ Meta: {
  "type": "sendJiraUrl",
  "payload": {
    "jiraUrl": "https://yorkhackathonteam15.atlassian.net/browse/WEAT-1"
  }
}
[06-07-2025 11:35:32 PM] INFO: 🛑 Extension deactivated
[06-07-2025 11:36:06 PM] INFO: 🚀 Extension activated
[06-07-2025 11:36:20 PM] INFO: ✅ Received from Webview:
→ Meta: {
  "type": "sendJiraUrl",
  "payload": {
    "jiraUrl": "https://yorkhackathonteam15.atlassian.net/browse/WEAT-1"
  }
}
[06-07-2025 11:48:19 PM] INFO: 🛑 Extension deactivated
[06-07-2025 11:48:30 PM] INFO: 🚀 Extension activated
[06-07-2025 11:48:40 PM] INFO: ✅ Received from Webview:
→ Meta: {
  "type": "sendJiraUrl",
  "payload": {
    "jiraUrl": "https://yorkhackathonteam15.atlassian.net/browse/WEAT-1"
  }
}
[07-07-2025 12:07:22 AM] INFO: ✅ Received from Webview:
→ Meta: {
  "type": "sendJiraUrl",
  "payload": {
    "jiraUrl": "https://yorkhackathonteam15.atlassian.net/browse/WEAT-1"
  }
}
[07-07-2025 12:08:12 AM] INFO: ✅ Received from Webview:
→ Meta: {
  "type": "sendJiraUrl",
  "payload": {
    "jiraUrl": "https://yorkhackathonteam15.atlassian.net/browse/WEAT-1"
  }
}
[07-07-2025 12:09:40 AM] INFO: ✅ Received from Webview:
→ Meta: {
  "type": "sendJiraUrl",
  "payload": {
    "jiraUrl": "https://yorkhackathonteam15.atlassian.net/browse/WEAT-1"
  }
}
[07-07-2025 12:10:33 AM] INFO: ✅ Received from Webview:
→ Meta: {
  "type": "sendJiraUrl",
  "payload": {
    "jiraUrl": "https://yorkhackathonteam15.atlassian.net/browse/WEAT-1"
  }
}
[07-07-2025 12:35:30 AM] INFO: ✅ Received from Webview:
→ Meta: {
  "type": "sendJiraUrl",
  "payload": {
    "jiraUrl": "https://yorkhackathonteam15.atlassian.net/browse/WEAT-1"
  }
}
[07-07-2025 02:09:10 AM] INFO: ✅ Received from Webview:
→ Meta: {
  "type": "sendJiraUrl",
  "payload": {
    "jiraUrl": "https://yorkhackathonteam15.atlassian.net/browse/WEAT-1"
  }
}
[07-07-2025 02:14:47 AM] INFO: 🛑 Extension deactivated
[07-07-2025 02:14:54 AM] INFO: 🚀 Extension activated
[07-07-2025 02:15:36 AM] INFO: ✅ Received from Webview:
→ Meta: {
  "type": "sendJiraUrl",
  "payload": {
    "jiraUrl": "https://yorkhackathonteam15.atlassian.net/browse/WEAT-1"
  }
}
[07-07-2025 02:21:48 AM] INFO: ✅ Received from Webview:
→ Meta: {
  "type": "sendJiraUrl",
  "payload": {
    "jiraUrl": "https://yorkhackathonteam15.atlassian.net/browse/WEAT-1"
  }
}
[07-07-2025 02:32:58 AM] INFO: 🛑 Extension deactivated
[07-07-2025 02:33:04 AM] INFO: 🚀 Extension activated
[07-07-2025 02:33:22 AM] INFO: ✅ Received from Webview:
→ Meta: {
  "type": "sendJiraUrl",
  "payload": {
    "jiraUrl": "https://yorkhackathonteam15.atlassian.net/browse/WEAT-1"
  }
}
[07-07-2025 02:51:34 AM] INFO: 🛑 Extension deactivated
[07-07-2025 02:52:57 AM] INFO: 🚀 Extension activated
[07-07-2025 02:53:25 AM] INFO: ✅ Received from Webview:
→ Meta: {
  "type": "sendJiraUrl",
  "payload": {
    "jiraUrl": "https://yorkhackathonteam15.atlassian.net/browse/WEAT-1"
  }
}
[07-07-2025 02:55:39 AM] INFO: 🛑 Extension deactivated
[07-07-2025 02:55:57 AM] INFO: 🚀 Extension activated
[07-07-2025 02:56:23 AM] INFO: ✅ Received from Webview:
→ Meta: {
  "type": "sendJiraUrl",
  "payload": {
    "jiraUrl": "https://yorkhackathonteam15.atlassian.net/browse/WEAT-1"
  }
}
[07-07-2025 02:58:53 AM] INFO: 🛑 Extension deactivated
[07-07-2025 02:59:09 AM] INFO: 🚀 Extension activated
[07-07-2025 02:59:22 AM] INFO: ✅ Received from Webview:
→ Meta: {
  "type": "sendJiraUrl",
  "payload": {
    "jiraUrl": "https://yorkhackathonteam15.atlassian.net/browse/WEAT-1"
  }
}
[12-07-2025 04:32:58 PM] INFO: 🚀 Extension activated
[12-07-2025 04:33:52 PM] INFO: ✅ Received from Webview:
→ Meta: {
  "type": "sendJiraUrl",
  "payload": {
    "jiraUrl": "https://yorkhackathonteam15.atlassian.net/browse/WEAT-1"
  }
}
[12-07-2025 05:17:58 PM] INFO: 🛑 Extension deactivated
[12-07-2025 05:18:08 PM] INFO: 🚀 Extension activated
[12-07-2025 05:18:23 PM] INFO: ✅ Received from Webview:
→ Meta: {
  "type": "sendJiraUrl",
  "payload": {
    "jiraUrl": "https://yorkhackathonteam15.atlassian.net/browse/WEAT-1"
  }
}
[12-07-2025 05:32:14 PM] INFO: 🛑 Extension deactivated
[12-07-2025 05:32:29 PM] INFO: 🚀 Extension activated
[12-07-2025 05:32:38 PM] INFO: ✅ Received from Webview:
→ Meta: {
  "type": "sendJiraUrl",
  "payload": {
    "jiraUrl": "https://yorkhackathonteam15.atlassian.net/browse/WEAT-1"
  }
}
[12-07-2025 06:30:51 PM] INFO: 🛑 Extension deactivated
[12-07-2025 06:33:34 PM] INFO: 🚀 Extension activated
[12-07-2025 06:33:55 PM] INFO: ✅ Received from Webview:
→ Meta: {
  "type": "sendJiraUrl",
  "payload": {
    "jiraUrl": "https://yorkhackathonteam15.atlassian.net/browse/WEAT-1"
  }
}
[12-07-2025 06:49:07 PM] INFO: 🛑 Extension deactivated
[12-07-2025 06:49:21 PM] INFO: 🚀 Extension activated
[12-07-2025 06:49:36 PM] INFO: ✅ Received from Webview:
→ Meta: {
  "type": "sendJiraUrl",
  "payload": {
    "jiraUrl": "https://yorkhackathonteam15.atlassian.net/browse/WEAT-1"
  }
}
[12-07-2025 07:02:14 PM] INFO: 🚀 Extension activated
[12-07-2025 07:02:46 PM] INFO: ✅ Received from Webview:
→ Meta: {
  "type": "sendJiraUrl",
  "payload": {
    "jiraUrl": "https://yorkhackathonteam15.atlassian.net/browse/WEAT-1"
  }
}
[13-07-2025 11:01:07 AM] INFO: 🚀 Extension activated
[13-07-2025 11:01:24 AM] INFO: ✅ Received from Webview:
→ Meta: {
  "type": "sendJiraUrl",
  "payload": {
    "jiraUrl": "https://yorkhackathonteam15.atlassian.net/browse/WEAT-1"
  }
}
[13-07-2025 11:58:15 AM] INFO: 🚀 Extension activated
[13-07-2025 11:58:48 AM] INFO: ✅ Received from Webview:
→ Meta: {
  "type": "sendJiraUrl",
  "payload": {
    "jiraUrl": "https://yorkhackathonteam15.atlassian.net/browse/WEAT-1"
  }
}
[13-07-2025 12:10:04 PM] INFO: 🛑 Extension deactivated
[13-07-2025 12:10:10 PM] INFO: 🚀 Extension activated
[13-07-2025 12:20:55 PM] INFO: ✅ Received from Webview:
→ Meta: {
  "type": "sendJiraUrl",
  "payload": {
    "jiraUrl": "https://yorkhackathonteam15.atlassian.net/browse/WEAT-1"
  }
}
[13-07-2025 12:56:33 PM] INFO: 🛑 Extension deactivated
[13-07-2025 12:57:17 PM] INFO: 🚀 Extension activated
[13-07-2025 12:58:16 PM] INFO: ✅ Received from Webview:
→ Meta: {
  "type": "sendJiraUrl",
  "payload": {
    "jiraUrl": "https://yorkhackathonteam15.atlassian.net/browse/WEAT-1"
  }
}
[13-07-2025 02:03:41 PM] INFO: 🛑 Extension deactivated
[13-07-2025 02:04:00 PM] INFO: 🚀 Extension activated
[13-07-2025 02:04:32 PM] INFO: ✅ Received from Webview:
→ Meta: {
  "type": "sendJiraUrl",
  "payload": {
    "jiraUrl": "https://yorkhackathonteam15.atlassian.net/browse/WEAT-1"
  }
}
[13-07-2025 02:05:49 PM] INFO: 🛑 Extension deactivated
[13-07-2025 02:06:07 PM] INFO: 🚀 Extension activated
[13-07-2025 02:06:18 PM] INFO: ✅ Received from Webview:
→ Meta: {
  "type": "sendJiraUrl",
  "payload": {
    "jiraUrl": "https://yorkhackathonteam15.atlassian.net/browse/WEAT-1"
  }
}
[13-07-2025 03:11:56 PM] INFO: ✅ Received from Webview:
→ Meta: {
  "type": "sendJiraUrl",
  "payload": {
    "jiraUrl": "https://yorkhackathonteam15.atlassian.net/browse/WEAT-1"
  }
}
[13-07-2025 04:06:19 PM] INFO: 🛑 Extension deactivated
[13-07-2025 04:06:39 PM] INFO: 🚀 Extension activated
[13-07-2025 04:06:56 PM] INFO: ✅ Received from Webview:
→ Meta: {
  "type": "sendJiraUrl",
  "payload": {
    "jiraUrl": "https://yorkhackathonteam15.atlassian.net/browse/WEAT-1"
  }
}
[13-07-2025 04:10:26 PM] INFO: ✅ Received from Webview:
→ Meta: {
  "type": "sendJiraUrl",
  "payload": {
    "jiraUrl": "https://yorkhackathonteam15.atlassian.net/browse/WEAT-1"
  }
}
[13-07-2025 04:11:10 PM] INFO: 🛑 Extension deactivated
[13-07-2025 04:11:22 PM] INFO: 🚀 Extension activated
[13-07-2025 04:11:32 PM] INFO: ✅ Received from Webview:
→ Meta: {
  "type": "sendJiraUrl",
  "payload": {
    "jiraUrl": "https://yorkhackathonteam15.atlassian.net/browse/WEAT-1"
  }
}
[13-07-2025 04:36:09 PM] INFO: ✅ Received from Webview:
→ Meta: {
  "type": "sendJiraUrl",
  "payload": {
    "jiraUrl": "https://yorkhackathonteam15.atlassian.net/browse/WEAT-1"
  }
}
[13-07-2025 04:41:17 PM] INFO: 🚀 Extension activated
[13-07-2025 04:41:27 PM] INFO: ✅ Received from Webview:
→ Meta: {
  "type": "sendJiraUrl",
  "payload": {
    "jiraUrl": "https://yorkhackathonteam15.atlassian.net/browse/WEAT-1"
  }
}
[13-07-2025 04:59:01 PM] INFO: 🚀 Extension activated
[13-07-2025 04:59:11 PM] INFO: ✅ Received from Webview:
→ Meta: {
  "type": "sendJiraUrl",
  "payload": {
    "jiraUrl": "https://yorkhackathonteam15.atlassian.net/browse/WEAT-1"
  }
}
[13-07-2025 05:09:19 PM] INFO: 🛑 Extension deactivated
[13-07-2025 05:09:36 PM] INFO: 🚀 Extension activated
[13-07-2025 05:09:44 PM] INFO: ✅ Received from Webview:
→ Meta: {
  "type": "sendJiraUrl",
  "payload": {
    "jiraUrl": "https://yorkhackathonteam15.atlassian.net/browse/WEAT-1"
  }
}
[13-07-2025 05:23:47 PM] INFO: 🛑 Extension deactivated
[13-07-2025 05:24:46 PM] INFO: 🚀 Extension activated
[13-07-2025 05:25:19 PM] INFO: ✅ Received from Webview:
→ Meta: {
  "type": "sendJiraUrl",
  "payload": {
    "jiraUrl": "https://yorkhackathonteam15.atlassian.net/browse/WEAT-1"
  }
}
[13-07-2025 05:39:17 PM] INFO: 🛑 Extension deactivated
